<?xml version="1.0" encoding="UTF-8"?>
<!-- Generated by org.testng.reporters.JUnitXMLReporter -->
<testsuite hostname="MacBook-Pro-2.local" name="Surefire test" tests="5" failures="0" timestamp="13 May 2017 16:50:04 GMT" time="0.027" errors="0">
  <testcase name="testCreatePayment" time="0.005" classname="com.vrtoonjava.invoices.ForeignPaymentCreatorTest"/>
  <testcase name="testCreatePayment_WithoutIban" time="0.0" classname="com.vrtoonjava.invoices.ForeignPaymentCreatorTest"/>
  <testcase name="testAccept" time="0.001" classname="com.vrtoonjava.invoices.InvoiceFilterTest"/>
  <testcase name="testCreatePayment" time="0.001" classname="com.vrtoonjava.invoices.LocalPaymentCreatorTest"/>
  <testcase name="testCreatePayment_WithoutAccount" time="0.0" classname="com.vrtoonjava.invoices.LocalPaymentCreatorTest"/>
</testsuite> <!-- Surefire test -->
